<?xml version="1.0" encoding="UTF-8"?>
<!-- Generated by org.testng.reporters.JUnitXMLReporter -->
<testsuite ignored="0" hostname="Archanas-MacBook-Air.local" failures="1" tests="1" name="SeleniumWebdriver" time="11.674" errors="0" timestamp="2021-03-09T14:54:29 IST">
  <testcase classname="tests.searchProductTest" name="verifySearchResult" time="1.409">
    <failure type="java.lang.AssertionError" message="Correct Search Results expected [true] but found [false]">
      <![CDATA[java.lang.AssertionError: Correct Search Results expected [true] but found [false]
at tests.searchProductTest.verifySearchResult(searchTest.java:29)
at java.base/java.util.ArrayList.forEach(ArrayList.java:1541)
at com.intellij.rt.testng.IDEARemoteTestNG.run(IDEARemoteTestNG.java:66)
at com.intellij.rt.testng.RemoteTestNGStarter.main(RemoteTestNGStarter.java:109)
... Removed 27 stack frames]]>
    </failure>
  </testcase> <!-- verifySearchResult -->
</testsuite> <!-- SeleniumWebdriver -->
